Tue Jan 22 15:22:26 2013
<class 'urllib2.HTTPError'>nobook-20025
<class 'urllib2.HTTPError'>nobook-20028
<class 'urllib2.HTTPError'>nobook-20030
<class 'urllib2.HTTPError'>nobook-20034
<class 'urllib2.HTTPError'>nobook-20037
<type 'exceptions.KeyboardInterrupt'>nobook-20040
Tue Jan 22 15:23:23 2013
<class 'urllib2.HTTPError'>nobook-25012
<class 'urllib2.HTTPError'>nobook-25015
<class 'urllib2.HTTPError'>nobook-25021
<class 'urllib2.HTTPError'>nobook-25024
<class 'urllib2.HTTPError'>nobook-25027
<class 'urllib2.HTTPError'>nobook-25031
<class 'urllib2.HTTPError'>nobook-25035
<class 'urllib2.HTTPError'>nobook-25038
<class 'urllib2.HTTPError'>nobook-25087
<class 'urllib2.HTTPError'>nobook-25089
<class 'urllib2.HTTPError'>nobook-25092
<class 'urllib2.HTTPError'>nobook-25095
<class 'urllib2.HTTPError'>nobook-25103
<class 'urllib2.HTTPError'>nobook-25106
<class 'urllib2.HTTPError'>nobook-25112
<class 'urllib2.HTTPError'>nobook-25116
<class 'urllib2.HTTPError'>nobook-25118
<class 'urllib2.HTTPError'>nobook-25125
<class 'urllib2.HTTPError'>nobook-25127
<class 'urllib2.HTTPError'>nobook-25142
<class 'urllib2.HTTPError'>nobook-25144
<class 'urllib2.HTTPError'>nobook-25147
<class 'urllib2.HTTPError'>nobook-25151
<class 'urllib2.HTTPError'>nobook-25153
<class 'urllib2.HTTPError'>nobook-25156
<class 'urllib2.HTTPError'>nobook-25158
<class 'urllib2.HTTPError'>nobook-25161
<class 'urllib2.HTTPError'>nobook-25164
<class 'urllib2.HTTPError'>nobook-25168
<class 'urllib2.HTTPError'>nobook-25170
<class 'urllib2.HTTPError'>nobook-25174
<class 'urllib2.HTTPError'>nobook-25176
<class 'urllib2.HTTPError'>nobook-25179
<class 'urllib2.HTTPError'>nobook-25182
<class 'urllib2.HTTPError'>nobook-25184
<class 'urllib2.HTTPError'>nobook-25188
<class 'urllib2.HTTPError'>nobook-25194
<class 'urllib2.HTTPError'>nobook-25198
<class 'urllib2.HTTPError'>nobook-25200
<class 'urllib2.HTTPError'>nobook-25203
<class 'urllib2.HTTPError'>nobook-25205
<class 'urllib2.HTTPError'>nobook-25208
<class 'urllib2.HTTPError'>nobook-25210
<class 'urllib2.HTTPError'>nobook-25214
<class 'urllib2.HTTPError'>nobook-25232
<class 'urllib2.HTTPError'>nobook-25245
<class 'urllib2.HTTPError'>nobook-25250
<class 'urllib2.HTTPError'>nobook-25263
<class 'urllib2.HTTPError'>nobook-25266
<class 'urllib2.HTTPError'>nobook-25270
<class 'urllib2.HTTPError'>nobook-25274
<class 'urllib2.HTTPError'>nobook-25277
<class 'urllib2.HTTPError'>nobook-25279
<class 'urllib2.HTTPError'>nobook-25284
<class 'urllib2.HTTPError'>nobook-25286
<class 'urllib2.HTTPError'>nobook-25290
<class 'urllib2.HTTPError'>nobook-25294
<class 'urllib2.HTTPError'>nobook-25307
<class 'urllib2.HTTPError'>nobook-25310
<class 'urllib2.HTTPError'>nobook-25313
<class 'urllib2.HTTPError'>nobook-25317
<class 'urllib2.HTTPError'>nobook-25319
<class 'urllib2.HTTPError'>nobook-25323
<class 'urllib2.HTTPError'>nobook-25333
<class 'urllib2.HTTPError'>nobook-25338
<class 'urllib2.HTTPError'>nobook-25345
<class 'urllib2.HTTPError'>nobook-25348
<class 'urllib2.HTTPError'>nobook-25351
<class 'urllib2.HTTPError'>nobook-25370
<class 'urllib2.HTTPError'>nobook-25372
<class 'urllib2.HTTPError'>nobook-25375
<class 'urllib2.HTTPError'>nobook-25378
<class 'urllib2.HTTPError'>nobook-25382
<class 'urllib2.HTTPError'>nobook-25399
<class 'urllib2.HTTPError'>nobook-25410
<class 'urllib2.HTTPError'>nobook-25486
<class 'urllib2.HTTPError'>nobook-25491
<class 'urllib2.HTTPError'>nobook-25495
<class 'urllib2.HTTPError'>nobook-25500
<class 'urllib2.HTTPError'>nobook-25523
<class 'urllib2.HTTPError'>nobook-25527
<class 'urllib2.HTTPError'>nobook-25532
<class 'urllib2.HTTPError'>nobook-25558
<class 'urllib2.HTTPError'>nobook-25561
<class 'urllib2.HTTPError'>nobook-25566
<class 'urllib2.HTTPError'>nobook-25570
<class 'urllib2.HTTPError'>nobook-25581
<class 'urllib2.HTTPError'>nobook-25585
<class 'urllib2.HTTPError'>nobook-25587
<class 'urllib2.HTTPError'>nobook-25591
<class 'urllib2.HTTPError'>nobook-25594
<class 'urllib2.HTTPError'>nobook-25598
<class 'urllib2.HTTPError'>nobook-25601
<class 'urllib2.HTTPError'>nobook-25603
<class 'urllib2.HTTPError'>nobook-25607
<class 'urllib2.HTTPError'>nobook-25614
<class 'urllib2.HTTPError'>nobook-25616
<class 'urllib2.HTTPError'>nobook-25621
<class 'urllib2.HTTPError'>nobook-25623
<class 'urllib2.HTTPError'>nobook-25629
<class 'urllib2.HTTPError'>nobook-25636
<class 'urllib2.HTTPError'>nobook-25646
<class 'urllib2.HTTPError'>nobook-25654
<class 'urllib2.HTTPError'>nobook-25658
<class 'urllib2.HTTPError'>nobook-25664
<class 'urllib2.HTTPError'>nobook-25667
<class 'urllib2.HTTPError'>nobook-25671
<class 'urllib2.HTTPError'>nobook-25675
<class 'urllib2.HTTPError'>nobook-25677
<class 'urllib2.HTTPError'>nobook-25679
<class 'urllib2.HTTPError'>nobook-25682
<class 'urllib2.HTTPError'>nobook-25684
<class 'urllib2.HTTPError'>nobook-25687
<class 'urllib2.HTTPError'>nobook-25688
<class 'urllib2.HTTPError'>nobook-25689
<class 'urllib2.HTTPError'>nobook-25690
<class 'urllib2.HTTPError'>nobook-25691
<class 'urllib2.HTTPError'>nobook-25692
<class 'urllib2.HTTPError'>nobook-25694
<class 'urllib2.HTTPError'>nobook-25696
<class 'urllib2.HTTPError'>nobook-25701
<class 'urllib2.HTTPError'>nobook-25705
<class 'urllib2.HTTPError'>nobook-25707
<class 'urllib2.HTTPError'>nobook-25710
<class 'urllib2.HTTPError'>nobook-25712
<class 'urllib2.HTTPError'>nobook-25717
<class 'urllib2.HTTPError'>nobook-25719
<class 'urllib2.HTTPError'>nobook-25722
<class 'urllib2.HTTPError'>nobook-25725
<class 'urllib2.HTTPError'>nobook-25729
<class 'urllib2.HTTPError'>nobook-25735
<class 'urllib2.HTTPError'>nobook-25743
<class 'urllib2.HTTPError'>nobook-25746
<class 'urllib2.HTTPError'>nobook-25748
<class 'urllib2.HTTPError'>nobook-25751
<class 'urllib2.HTTPError'>nobook-25754
<class 'urllib2.HTTPError'>nobook-25757
<class 'urllib2.HTTPError'>nobook-25764
<class 'urllib2.HTTPError'>nobook-25766
<class 'urllib2.HTTPError'>nobook-25776
<class 'urllib2.HTTPError'>nobook-25780
<class 'urllib2.HTTPError'>nobook-25787
<class 'urllib2.HTTPError'>nobook-25799
<class 'urllib2.HTTPError'>nobook-25821
<class 'urllib2.HTTPError'>nobook-25824
<class 'urllib2.HTTPError'>nobook-25827
<class 'urllib2.HTTPError'>nobook-25830
<class 'urllib2.HTTPError'>nobook-25833
<class 'urllib2.HTTPError'>nobook-25836
<class 'urllib2.HTTPError'>nobook-25840
<class 'urllib2.HTTPError'>nobook-25845
<class 'urllib2.HTTPError'>nobook-25847
<class 'urllib2.HTTPError'>nobook-25850
<class 'urllib2.HTTPError'>nobook-25852
<class 'urllib2.HTTPError'>nobook-25856
<class 'urllib2.HTTPError'>nobook-25859
<class 'urllib2.HTTPError'>nobook-25861
<class 'urllib2.HTTPError'>nobook-25864
<class 'urllib2.HTTPError'>nobook-25867
<class 'urllib2.HTTPError'>nobook-25874
<class 'urllib2.HTTPError'>nobook-25877
<class 'urllib2.HTTPError'>nobook-25880
<class 'urllib2.HTTPError'>nobook-25885
<class 'urllib2.HTTPError'>nobook-25888
<class 'urllib2.HTTPError'>nobook-25894
<class 'urllib2.HTTPError'>nobook-25906
<class 'urllib2.HTTPError'>nobook-25910
<class 'urllib2.HTTPError'>nobook-25913
<class 'urllib2.HTTPError'>nobook-25919
<class 'urllib2.HTTPError'>nobook-25924
<class 'urllib2.HTTPError'>nobook-25929
<class 'urllib2.HTTPError'>nobook-25934
<class 'urllib2.HTTPError'>nobook-25938
<class 'urllib2.HTTPError'>nobook-25941
<class 'urllib2.HTTPError'>nobook-25955
<class 'urllib2.HTTPError'>nobook-25961
<class 'urllib2.HTTPError'>nobook-25963
<class 'urllib2.HTTPError'>nobook-25966
<class 'urllib2.HTTPError'>nobook-25969
<class 'urllib2.HTTPError'>nobook-25972
<class 'urllib2.HTTPError'>nobook-25975
<class 'urllib2.HTTPError'>nobook-25977
<class 'urllib2.HTTPError'>nobook-25980
<class 'urllib2.HTTPError'>nobook-25982
<class 'urllib2.HTTPError'>nobook-25987
<class 'urllib2.HTTPError'>nobook-25990
<class 'urllib2.HTTPError'>nobook-25993
<class 'urllib2.HTTPError'>nobook-25995
<class 'urllib2.HTTPError'>nobook-26000
<class 'urllib2.HTTPError'>nobook-26003
<class 'urllib2.HTTPError'>nobook-26008
<class 'urllib2.HTTPError'>nobook-26011
<class 'urllib2.HTTPError'>nobook-26015
<class 'urllib2.HTTPError'>nobook-26025
<class 'urllib2.HTTPError'>nobook-26031
<class 'urllib2.HTTPError'>nobook-26032
<class 'urllib2.HTTPError'>nobook-26033
<class 'urllib2.HTTPError'>nobook-26034
<class 'urllib2.HTTPError'>nobook-26037
<class 'urllib2.HTTPError'>nobook-26042
<class 'urllib2.HTTPError'>nobook-26060
<class 'urllib2.HTTPError'>nobook-26100
<class 'urllib2.HTTPError'>nobook-26104
<class 'urllib2.HTTPError'>nobook-26106
<class 'urllib2.HTTPError'>nobook-26112
<class 'urllib2.HTTPError'>nobook-26115
<class 'urllib2.HTTPError'>nobook-26118
<class 'urllib2.HTTPError'>nobook-26120
<class 'urllib2.HTTPError'>nobook-26123
<class 'urllib2.HTTPError'>nobook-26128
<class 'urllib2.HTTPError'>nobook-26131
<class 'urllib2.HTTPError'>nobook-26146
<class 'urllib2.HTTPError'>nobook-26150
<class 'urllib2.HTTPError'>nobook-26173
<class 'urllib2.HTTPError'>nobook-26176
<class 'urllib2.HTTPError'>nobook-26180
<class 'urllib2.HTTPError'>nobook-26185
<class 'urllib2.HTTPError'>nobook-26188
<class 'urllib2.HTTPError'>nobook-26191
<class 'urllib2.HTTPError'>nobook-26196
<class 'urllib2.HTTPError'>nobook-26200
<class 'urllib2.HTTPError'>nobook-26202
<class 'urllib2.HTTPError'>nobook-26209
<class 'urllib2.HTTPError'>nobook-26229
<class 'urllib2.HTTPError'>nobook-26230
<class 'urllib2.HTTPError'>nobook-26231
<class 'urllib2.HTTPError'>nobook-26235
<class 'urllib2.HTTPError'>nobook-26238
<class 'urllib2.HTTPError'>nobook-26252
<class 'urllib2.HTTPError'>nobook-26253
<class 'urllib2.HTTPError'>nobook-26254
<class 'urllib2.HTTPError'>nobook-26270
<class 'urllib2.HTTPError'>nobook-26276
<class 'urllib2.HTTPError'>nobook-26281
<class 'urllib2.HTTPError'>nobook-26283
<class 'urllib2.HTTPError'>nobook-26296
<class 'urllib2.HTTPError'>nobook-26298
<class 'urllib2.HTTPError'>nobook-26319
<class 'urllib2.HTTPError'>nobook-26322
<class 'urllib2.HTTPError'>nobook-26324
<class 'urllib2.HTTPError'>nobook-26331
<class 'urllib2.HTTPError'>nobook-26334
<class 'urllib2.HTTPError'>nobook-26337
<class 'urllib2.HTTPError'>nobook-26341
<class 'urllib2.HTTPError'>nobook-26343
<class 'urllib2.HTTPError'>nobook-26349
<class 'urllib2.HTTPError'>nobook-26356
<class 'urllib2.HTTPError'>nobook-26365
<class 'urllib2.HTTPError'>nobook-26373
<class 'urllib2.HTTPError'>nobook-26377
<class 'urllib2.HTTPError'>nobook-26383
<class 'urllib2.HTTPError'>nobook-26395
<class 'urllib2.HTTPError'>nobook-26399
<class 'urllib2.HTTPError'>nobook-26403
<class 'urllib2.HTTPError'>nobook-26416
<class 'urllib2.HTTPError'>nobook-26434
<class 'urllib2.HTTPError'>nobook-26441
<class 'urllib2.HTTPError'>nobook-26444
<class 'urllib2.HTTPError'>nobook-26447
<class 'urllib2.HTTPError'>nobook-26450
<class 'urllib2.HTTPError'>nobook-26453
<class 'urllib2.HTTPError'>nobook-26456
<class 'urllib2.HTTPError'>nobook-26459
<class 'urllib2.HTTPError'>nobook-26462
<class 'urllib2.HTTPError'>nobook-26466
<class 'urllib2.HTTPError'>nobook-26468
<class 'urllib2.HTTPError'>nobook-26473
<class 'urllib2.HTTPError'>nobook-26479
<class 'urllib2.HTTPError'>nobook-26481
<class 'urllib2.HTTPError'>nobook-26484
<class 'urllib2.HTTPError'>nobook-26487
<class 'urllib2.HTTPError'>nobook-26490
<class 'urllib2.HTTPError'>nobook-26493
<class 'urllib2.HTTPError'>nobook-26496
<class 'urllib2.HTTPError'>nobook-26499
nobook-26503
<class 'urllib2.HTTPError'>nobook-26505
<class 'urllib2.HTTPError'>nobook-26514
<class 'urllib2.HTTPError'>nobook-26518
<class 'urllib2.HTTPError'>nobook-26521
<class 'urllib2.HTTPError'>nobook-26524
<class 'urllib2.HTTPError'>nobook-26527
<class 'urllib2.HTTPError'>nobook-26530
<class 'urllib2.HTTPError'>nobook-26532
<class 'urllib2.HTTPError'>nobook-26535
<class 'urllib2.HTTPError'>nobook-26538
<class 'urllib2.HTTPError'>nobook-26541
nobook-26543
nobook-26544
nobook-26545
nobook-26546
nobook-26547
nobook-26548
nobook-26549
nobook-26550
<class 'urllib2.HTTPError'>nobook-26559
<class 'urllib2.HTTPError'>nobook-26566
<class 'urllib2.HTTPError'>nobook-26569
<class 'urllib2.HTTPError'>nobook-26573
<class 'urllib2.HTTPError'>nobook-26576
<class 'urllib2.HTTPError'>nobook-26578
<class 'urllib2.HTTPError'>nobook-26590
<class 'urllib2.HTTPError'>nobook-26592
<class 'urllib2.HTTPError'>nobook-26594
<class 'urllib2.HTTPError'>nobook-26596
<class 'urllib2.HTTPError'>nobook-26601
<class 'urllib2.HTTPError'>nobook-26604
<class 'urllib2.HTTPError'>nobook-26607
<class 'urllib2.HTTPError'>nobook-26609
<class 'urllib2.HTTPError'>nobook-26611
<class 'urllib2.HTTPError'>nobook-26613
<class 'urllib2.HTTPError'>nobook-26616
<class 'urllib2.HTTPError'>nobook-26618
<class 'urllib2.HTTPError'>nobook-26621
<class 'urllib2.HTTPError'>nobook-26624
<class 'urllib2.HTTPError'>nobook-26637
nobook-26639
nobook-26640
nobook-26641
nobook-26642
nobook-26643
nobook-26644
nobook-26645
nobook-26646
<class 'urllib2.HTTPError'>nobook-26649
<class 'urllib2.HTTPError'>nobook-26655
<class 'urllib2.HTTPError'>nobook-26659
<class 'urllib2.HTTPError'>nobook-26662
<class 'urllib2.HTTPError'>nobook-26666
<class 'urllib2.HTTPError'>nobook-26672
<class 'urllib2.HTTPError'>nobook-26676
<class 'urllib2.HTTPError'>nobook-26678
<class 'urllib2.HTTPError'>nobook-26682
<class 'urllib2.HTTPError'>nobook-26686
<class 'urllib2.HTTPError'>nobook-26688
<class 'urllib2.HTTPError'>nobook-26690
<class 'urllib2.HTTPError'>nobook-26694
<class 'urllib2.HTTPError'>nobook-26705
<class 'urllib2.HTTPError'>nobook-26719
<class 'urllib2.HTTPError'>nobook-26722
<class 'urllib2.HTTPError'>nobook-26725
<class 'urllib2.HTTPError'>nobook-26728
<class 'urllib2.HTTPError'>nobook-26730
<class 'urllib2.HTTPError'>nobook-26733
<class 'urllib2.HTTPError'>nobook-26738
<class 'urllib2.HTTPError'>nobook-26744
<class 'urllib2.HTTPError'>nobook-26748
<class 'urllib2.HTTPError'>nobook-26752
<class 'urllib2.HTTPError'>nobook-26755
<class 'urllib2.HTTPError'>nobook-26758
<class 'urllib2.HTTPError'>nobook-26761
<class 'urllib2.HTTPError'>nobook-26763
<class 'urllib2.HTTPError'>nobook-26770
<class 'urllib2.HTTPError'>nobook-26773
<class 'urllib2.HTTPError'>nobook-26775
<class 'urllib2.HTTPError'>nobook-26779
<class 'urllib2.HTTPError'>nobook-26782
<class 'urllib2.HTTPError'>nobook-26785
<class 'urllib2.HTTPError'>nobook-26788
<class 'urllib2.HTTPError'>nobook-26791
<class 'urllib2.HTTPError'>nobook-26796
<class 'urllib2.HTTPError'>nobook-26797
<class 'urllib2.HTTPError'>nobook-26798
<class 'urllib2.HTTPError'>nobook-26815
<class 'urllib2.HTTPError'>nobook-26819
<class 'urllib2.HTTPError'>nobook-26824
<class 'urllib2.HTTPError'>nobook-26830
<class 'urllib2.HTTPError'>nobook-26848
<class 'urllib2.HTTPError'>nobook-26851
nobook-26854
<class 'urllib2.HTTPError'>nobook-26869
<class 'urllib2.HTTPError'>nobook-26873
<class 'urllib2.HTTPError'>nobook-26887
<class 'urllib2.HTTPError'>nobook-26891
<class 'urllib2.HTTPError'>nobook-26894
<class 'urllib2.HTTPError'>nobook-26897
<class 'urllib2.HTTPError'>nobook-26898
<class 'urllib2.HTTPError'>nobook-26902
<class 'urllib2.HTTPError'>nobook-26906
<class 'urllib2.HTTPError'>nobook-26908
<class 'urllib2.HTTPError'>nobook-26912
<class 'urllib2.HTTPError'>nobook-26915
<class 'urllib2.HTTPError'>nobook-26918
<class 'urllib2.HTTPError'>nobook-26920
<class 'urllib2.HTTPError'>nobook-26923
<class 'urllib2.HTTPError'>nobook-26926
<class 'urllib2.HTTPError'>nobook-26930
<class 'urllib2.HTTPError'>nobook-26937
<class 'urllib2.HTTPError'>nobook-26939
<class 'urllib2.HTTPError'>nobook-26943
<class 'urllib2.HTTPError'>nobook-26946
<class 'urllib2.HTTPError'>nobook-26960
<class 'urllib2.HTTPError'>nobook-26963
<class 'urllib2.HTTPError'>nobook-26986
<class 'urllib2.HTTPError'>nobook-26990
<class 'urllib2.HTTPError'>nobook-26991
<class 'urllib2.HTTPError'>nobook-26992
<class 'urllib2.HTTPError'>nobook-26993
<class 'urllib2.HTTPError'>nobook-26994
<class 'urllib2.HTTPError'>nobook-26995
<class 'urllib2.HTTPError'>nobook-26999
<class 'urllib2.HTTPError'>nobook-27017
<class 'urllib2.HTTPError'>nobook-27020
<class 'urllib2.HTTPError'>nobook-27023
<class 'urllib2.HTTPError'>nobook-27025
<class 'urllib2.HTTPError'>nobook-27029
<class 'urllib2.HTTPError'>nobook-27032
<class 'urllib2.HTTPError'>nobook-27036
<class 'urllib2.HTTPError'>nobook-27040
<class 'urllib2.HTTPError'>nobook-27043
<class 'urllib2.HTTPError'>nobook-27046
<class 'urllib2.HTTPError'>nobook-27048
<class 'urllib2.HTTPError'>nobook-27051
<class 'urllib2.HTTPError'>nobook-27059
<class 'urllib2.HTTPError'>nobook-27065
<class 'urllib2.HTTPError'>nobook-27068
<class 'urllib2.HTTPError'>nobook-27077
<class 'urllib2.HTTPError'>nobook-27083
<class 'urllib2.HTTPError'>nobook-27086
<class 'urllib2.HTTPError'>nobook-27089
<class 'urllib2.HTTPError'>nobook-27091
<class 'urllib2.HTTPError'>nobook-27095
<class 'urllib2.HTTPError'>nobook-27098
<class 'urllib2.HTTPError'>nobook-27101
<class 'urllib2.HTTPError'>nobook-27104
<class 'urllib2.HTTPError'>nobook-27106
<class 'urllib2.HTTPError'>nobook-27112
<class 'urllib2.HTTPError'>nobook-27121
<class 'urllib2.HTTPError'>nobook-27143
<class 'urllib2.HTTPError'>nobook-27145
<class 'urllib2.HTTPError'>nobook-27149
<class 'urllib2.HTTPError'>nobook-27151
<class 'urllib2.HTTPError'>nobook-27154
<class 'urllib2.HTTPError'>nobook-27158
<class 'urllib2.HTTPError'>nobook-27161
<class 'urllib2.HTTPError'>nobook-27164
<class 'urllib2.HTTPError'>nobook-27166
<class 'urllib2.HTTPError'>nobook-27170
<class 'urllib2.HTTPError'>nobook-27174
<class 'urllib2.HTTPError'>nobook-27177
<class 'urllib2.HTTPError'>nobook-27181
<class 'urllib2.HTTPError'>nobook-27183
<class 'urllib2.HTTPError'>nobook-27187
<class 'urllib2.HTTPError'>nobook-27189
<class 'urllib2.HTTPError'>nobook-27196
<class 'urllib2.HTTPError'>nobook-27200
<class 'urllib2.HTTPError'>nobook-27205
<class 'urllib2.HTTPError'>nobook-27209
<class 'urllib2.HTTPError'>nobook-27218
<class 'urllib2.HTTPError'>nobook-27222
<class 'urllib2.HTTPError'>nobook-27225
<class 'urllib2.HTTPError'>nobook-27229
<class 'urllib2.HTTPError'>nobook-27233
<class 'urllib2.HTTPError'>nobook-27243
<class 'urllib2.HTTPError'>nobook-27247
<class 'urllib2.HTTPError'>nobook-27256
<class 'urllib2.HTTPError'>nobook-27258
<class 'urllib2.HTTPError'>nobook-27262
<class 'urllib2.HTTPError'>nobook-27267
<class 'urllib2.HTTPError'>nobook-27270
<class 'urllib2.HTTPError'>nobook-27273
<class 'urllib2.HTTPError'>nobook-27276
<class 'urllib2.HTTPError'>nobook-27282
<class 'urllib2.HTTPError'>nobook-27286
<class 'urllib2.HTTPError'>nobook-27290
<class 'urllib2.HTTPError'>nobook-27294
<class 'urllib2.HTTPError'>nobook-27298
<class 'urllib2.HTTPError'>nobook-27302
<class 'urllib2.HTTPError'>nobook-27323
<class 'urllib2.HTTPError'>nobook-27327
<class 'urllib2.HTTPError'>nobook-27330
<class 'urllib2.HTTPError'>nobook-27338
<class 'urllib2.HTTPError'>nobook-27340
<class 'urllib2.HTTPError'>nobook-27343
<class 'urllib2.HTTPError'>nobook-27347
<class 'urllib2.HTTPError'>nobook-27352
<class 'urllib2.HTTPError'>nobook-27366
<class 'urllib2.HTTPError'>nobook-27369
<class 'urllib2.HTTPError'>nobook-27372
<class 'urllib2.HTTPError'>nobook-27377
<class 'urllib2.HTTPError'>nobook-27380
<class 'urllib2.HTTPError'>nobook-27384
<class 'urllib2.HTTPError'>nobook-27386
<class 'urllib2.HTTPError'>nobook-27390
<class 'urllib2.HTTPError'>nobook-27392
<class 'urllib2.HTTPError'>nobook-27395
<class 'urllib2.HTTPError'>nobook-27399
<class 'urllib2.HTTPError'>nobook-27402
<class 'urllib2.HTTPError'>nobook-27407
<class 'urllib2.HTTPError'>nobook-27409
<class 'urllib2.HTTPError'>nobook-27412
<class 'urllib2.HTTPError'>nobook-27416
<class 'urllib2.HTTPError'>nobook-27421
<class 'urllib2.HTTPError'>nobook-27424
<class 'urllib2.HTTPError'>nobook-27427
<class 'urllib2.HTTPError'>nobook-27429
<class 'urllib2.HTTPError'>nobook-27437
<class 'urllib2.HTTPError'>nobook-27439
<class 'urllib2.HTTPError'>nobook-27444
<class 'urllib2.HTTPError'>nobook-27446
<class 'urllib2.HTTPError'>nobook-27450
<class 'urllib2.HTTPError'>nobook-27453
<class 'urllib2.HTTPError'>nobook-27457
nobook-27459
nobook-27460
nobook-27461
nobook-27462
<class 'urllib2.HTTPError'>nobook-27468
<class 'urllib2.HTTPError'>nobook-27470
<class 'urllib2.HTTPError'>nobook-27473
<class 'urllib2.HTTPError'>nobook-27475
<class 'urllib2.HTTPError'>nobook-27478
<class 'urllib2.HTTPError'>nobook-27481
<class 'urllib2.HTTPError'>nobook-27484
<class 'urllib2.HTTPError'>nobook-27485
<class 'urllib2.HTTPError'>nobook-27491
<class 'urllib2.HTTPError'>nobook-27494
<class 'urllib2.HTTPError'>nobook-27496
<class 'urllib2.HTTPError'>nobook-27500
<class 'urllib2.HTTPError'>nobook-27503
<class 'urllib2.HTTPError'>nobook-27507
<class 'urllib2.HTTPError'>nobook-27514
<class 'urllib2.HTTPError'>nobook-27519
<class 'urllib2.HTTPError'>nobook-27522
<class 'urllib2.HTTPError'>nobook-27547
<class 'urllib2.HTTPError'>nobook-27550
<class 'urllib2.HTTPError'>nobook-27555
<class 'urllib2.HTTPError'>nobook-27556
<class 'urllib2.HTTPError'>nobook-27572
<class 'urllib2.HTTPError'>nobook-27576
<class 'urllib2.HTTPError'>nobook-27579
<class 'urllib2.HTTPError'>nobook-27591
<class 'urllib2.HTTPError'>nobook-27595
<class 'urllib2.HTTPError'>nobook-27598
<class 'urllib2.HTTPError'>nobook-27603
<class 'urllib2.HTTPError'>nobook-27607
<class 'urllib2.HTTPError'>nobook-27610
<class 'urllib2.HTTPError'>nobook-27612
<class 'urllib2.HTTPError'>nobook-27617
<class 'urllib2.HTTPError'>nobook-27620
<class 'urllib2.HTTPError'>nobook-27623
<class 'urllib2.HTTPError'>nobook-27625
nobook-27628
nobook-27629
nobook-27630
nobook-27631
nobook-27632
nobook-27633
nobook-27634
nobook-27635
nobook-27636
nobook-27637
nobook-27638
nobook-27639
nobook-27640
<class 'urllib2.HTTPError'>nobook-27645
<class 'urllib2.HTTPError'>nobook-27647
<class 'urllib2.HTTPError'>nobook-27650
<class 'urllib2.HTTPError'>nobook-27653
<class 'urllib2.HTTPError'>nobook-27655
<class 'urllib2.HTTPError'>nobook-27657
<class 'urllib2.HTTPError'>nobook-27659
<class 'urllib2.HTTPError'>nobook-27662
<class 'urllib2.HTTPError'>nobook-27664
<class 'urllib2.HTTPError'>nobook-27666
<class 'urllib2.HTTPError'>nobook-27669
<class 'urllib2.HTTPError'>nobook-27672
<class 'urllib2.HTTPError'>nobook-27677
<class 'urllib2.HTTPError'>nobook-27679
<class 'urllib2.HTTPError'>nobook-27683
<class 'urllib2.HTTPError'>nobook-27686
<class 'urllib2.HTTPError'>nobook-27688
<class 'urllib2.HTTPError'>nobook-27690
<class 'urllib2.HTTPError'>nobook-27692
<class 'urllib2.HTTPError'>nobook-27694
<class 'urllib2.HTTPError'>nobook-27708
<class 'urllib2.HTTPError'>nobook-27710
<class 'urllib2.HTTPError'>nobook-27713
<class 'urllib2.HTTPError'>nobook-27716
<class 'urllib2.HTTPError'>nobook-27720
<class 'urllib2.HTTPError'>nobook-27723
<class 'urllib2.HTTPError'>nobook-27726
<class 'urllib2.HTTPError'>nobook-27729
<class 'urllib2.HTTPError'>nobook-27752
<class 'urllib2.HTTPError'>nobook-27753
<class 'urllib2.HTTPError'>nobook-27754
<class 'urllib2.HTTPError'>nobook-27764
<class 'urllib2.HTTPError'>nobook-27768
<class 'urllib2.HTTPError'>nobook-27770
<class 'urllib2.HTTPError'>nobook-27773
<class 'urllib2.HTTPError'>nobook-27775
<class 'urllib2.HTTPError'>nobook-27779
<class 'urllib2.HTTPError'>nobook-27795
<class 'urllib2.HTTPError'>nobook-27812
<class 'urllib2.HTTPError'>nobook-27814
<class 'urllib2.HTTPError'>nobook-27817
<class 'urllib2.HTTPError'>nobook-27819
<class 'urllib2.HTTPError'>nobook-27821
<class 'urllib2.HTTPError'>nobook-27824
<class 'urllib2.HTTPError'>nobook-27835
<class 'urllib2.HTTPError'>nobook-27840
<class 'urllib2.HTTPError'>nobook-27842
<class 'urllib2.HTTPError'>nobook-27845
<class 'urllib2.HTTPError'>nobook-27851
<class 'urllib2.HTTPError'>nobook-27854
<class 'urllib2.HTTPError'>nobook-27857
<class 'urllib2.HTTPError'>nobook-27861
<class 'urllib2.HTTPError'>nobook-27863
<class 'urllib2.HTTPError'>nobook-27883
<class 'urllib2.HTTPError'>nobook-27886
<class 'urllib2.HTTPError'>nobook-27889
<class 'urllib2.HTTPError'>nobook-27892
<class 'urllib2.HTTPError'>nobook-27903
<class 'urllib2.HTTPError'>nobook-27907
<class 'urllib2.HTTPError'>nobook-27909
<class 'urllib2.HTTPError'>nobook-27913
<class 'urllib2.HTTPError'>nobook-27916
<class 'urllib2.HTTPError'>nobook-27919
<class 'urllib2.HTTPError'>nobook-27922
<class 'urllib2.HTTPError'>nobook-27924
<class 'urllib2.HTTPError'>nobook-27926
<class 'urllib2.HTTPError'>nobook-27930
<class 'urllib2.HTTPError'>nobook-27947
<class 'urllib2.HTTPError'>nobook-27949
<class 'urllib2.HTTPError'>nobook-27952
<class 'urllib2.HTTPError'>nobook-27954
<class 'urllib2.HTTPError'>nobook-27957
<class 'urllib2.HTTPError'>nobook-27968
<class 'urllib2.HTTPError'>nobook-27971
<class 'urllib2.HTTPError'>nobook-27975
<class 'urllib2.HTTPError'>nobook-27977
nobook-27979
<class 'urllib2.HTTPError'>nobook-27991
<class 'urllib2.HTTPError'>nobook-27994
<class 'urllib2.HTTPError'>nobook-27996
<class 'urllib2.HTTPError'>nobook-27999
<class 'urllib2.HTTPError'>nobook-28001
<class 'urllib2.HTTPError'>nobook-28004
<class 'urllib2.HTTPError'>nobook-28007
<class 'urllib2.HTTPError'>nobook-28009
<class 'urllib2.HTTPError'>nobook-28012
<class 'urllib2.HTTPError'>nobook-28014
<class 'urllib2.HTTPError'>nobook-28017
<class 'urllib2.HTTPError'>nobook-28021
<class 'urllib2.HTTPError'>nobook-28023
<class 'urllib2.HTTPError'>nobook-28026
<class 'urllib2.HTTPError'>nobook-28029
<class 'urllib2.HTTPError'>nobook-28033
<class 'urllib2.HTTPError'>nobook-28037
<class 'urllib2.HTTPError'>nobook-28040
<class 'urllib2.HTTPError'>nobook-28042
<class 'urllib2.HTTPError'>nobook-28046
<class 'urllib2.HTTPError'>nobook-28049
<class 'urllib2.HTTPError'>nobook-28051
<class 'urllib2.HTTPError'>nobook-28065
<class 'urllib2.HTTPError'>nobook-28067
<class 'urllib2.HTTPError'>nobook-28070
<class 'urllib2.HTTPError'>nobook-28073
<class 'urllib2.HTTPError'>nobook-28075
<class 'urllib2.HTTPError'>nobook-28078
<class 'urllib2.HTTPError'>nobook-28081
<class 'urllib2.HTTPError'>nobook-28084
<class 'urllib2.HTTPError'>nobook-28086
<class 'urllib2.HTTPError'>nobook-28089
<class 'urllib2.HTTPError'>nobook-28091
<class 'urllib2.HTTPError'>nobook-28095
<class 'urllib2.HTTPError'>nobook-28097
<class 'urllib2.HTTPError'>nobook-28100
<class 'urllib2.HTTPError'>nobook-28102
<class 'urllib2.HTTPError'>nobook-28105
<class 'urllib2.HTTPError'>nobook-28107
<class 'urllib2.HTTPError'>nobook-28110
<class 'urllib2.HTTPError'>nobook-28112
<class 'urllib2.HTTPError'>nobook-28114
<class 'urllib2.HTTPError'>nobook-28117
<class 'urllib2.HTTPError'>nobook-28121
<class 'urllib2.HTTPError'>nobook-28123
<class 'urllib2.HTTPError'>nobook-28126
<class 'urllib2.HTTPError'>nobook-28142
<class 'urllib2.HTTPError'>nobook-28144
<class 'urllib2.HTTPError'>nobook-28147
<class 'urllib2.HTTPError'>nobook-28150
<class 'urllib2.HTTPError'>nobook-28166
<class 'urllib2.HTTPError'>nobook-28169
<class 'urllib2.HTTPError'>nobook-28171
<class 'urllib2.HTTPError'>nobook-28174
<class 'urllib2.HTTPError'>nobook-28195
<class 'urllib2.HTTPError'>nobook-28197
<class 'urllib2.HTTPError'>nobook-28200
<class 'urllib2.HTTPError'>nobook-28203
<class 'urllib2.HTTPError'>nobook-28206
<class 'urllib2.HTTPError'>nobook-28216
<class 'urllib2.HTTPError'>nobook-28219
<class 'urllib2.HTTPError'>nobook-28222
<class 'urllib2.HTTPError'>nobook-28224
<class 'urllib2.HTTPError'>nobook-28227
<class 'urllib2.HTTPError'>nobook-28229
<class 'urllib2.HTTPError'>nobook-28231
<class 'urllib2.HTTPError'>nobook-28236
<class 'urllib2.HTTPError'>nobook-28238
<class 'urllib2.HTTPError'>nobook-28243
<class 'urllib2.HTTPError'>nobook-28245
<class 'urllib2.HTTPError'>nobook-28248
<class 'urllib2.HTTPError'>nobook-28251
<class 'urllib2.HTTPError'>nobook-28254
<class 'urllib2.HTTPError'>nobook-28256
<class 'urllib2.HTTPError'>nobook-28259
<class 'urllib2.HTTPError'>nobook-28262
<class 'urllib2.HTTPError'>nobook-28264
<class 'urllib2.HTTPError'>nobook-28268
<class 'urllib2.HTTPError'>nobook-28278
<class 'urllib2.HTTPError'>nobook-28282
<class 'urllib2.HTTPError'>nobook-28284
<class 'urllib2.HTTPError'>nobook-28294
<class 'urllib2.HTTPError'>nobook-28297
<class 'urllib2.HTTPError'>nobook-28300
<class 'urllib2.HTTPError'>nobook-28302
<class 'urllib2.HTTPError'>nobook-28304
<class 'urllib2.HTTPError'>nobook-28307
<class 'urllib2.HTTPError'>nobook-28310
<class 'urllib2.HTTPError'>nobook-28313
<class 'urllib2.HTTPError'>nobook-28316
<class 'urllib2.HTTPError'>nobook-28318
<class 'urllib2.HTTPError'>nobook-28321
<class 'urllib2.HTTPError'>nobook-28323
<class 'urllib2.HTTPError'>nobook-28326
<class 'urllib2.HTTPError'>nobook-28328
<class 'urllib2.HTTPError'>nobook-28331
<class 'urllib2.HTTPError'>nobook-28333
<class 'urllib2.HTTPError'>nobook-28346
<class 'urllib2.HTTPError'>nobook-28352
<class 'urllib2.HTTPError'>nobook-28354
<class 'urllib2.HTTPError'>nobook-28357
<class 'urllib2.HTTPError'>nobook-28359
<class 'urllib2.HTTPError'>nobook-28361
<class 'urllib2.HTTPError'>nobook-28363
<class 'urllib2.HTTPError'>nobook-28367
<class 'urllib2.HTTPError'>nobook-28370
<class 'urllib2.HTTPError'>nobook-28373
<class 'urllib2.HTTPError'>nobook-28379
<class 'urllib2.HTTPError'>nobook-28380
<class 'urllib2.HTTPError'>nobook-28382
<class 'urllib2.HTTPError'>nobook-28385
<class 'urllib2.HTTPError'>nobook-28387
<class 'urllib2.HTTPError'>nobook-28396
<class 'urllib2.HTTPError'>nobook-28406
<class 'urllib2.HTTPError'>nobook-28411
<class 'urllib2.HTTPError'>nobook-28414
<class 'urllib2.HTTPError'>nobook-28417
<class 'urllib2.HTTPError'>nobook-28419
<class 'urllib2.HTTPError'>nobook-28421
<class 'urllib2.HTTPError'>nobook-28423
<class 'urllib2.HTTPError'>nobook-28426
<class 'urllib2.HTTPError'>nobook-28429
<class 'urllib2.HTTPError'>nobook-28431
<class 'urllib2.HTTPError'>nobook-28433
<class 'urllib2.HTTPError'>nobook-28436
<class 'urllib2.HTTPError'>nobook-28440
<class 'urllib2.HTTPError'>nobook-28442
<class 'urllib2.HTTPError'>nobook-28444
<class 'urllib2.HTTPError'>nobook-28447
<class 'urllib2.HTTPError'>nobook-28449
<class 'urllib2.HTTPError'>nobook-28462
<class 'urllib2.HTTPError'>nobook-28466
<class 'urllib2.HTTPError'>nobook-28468
<class 'urllib2.HTTPError'>nobook-28470
<class 'urllib2.HTTPError'>nobook-28473
<class 'urllib2.HTTPError'>nobook-28475
<class 'urllib2.HTTPError'>nobook-28478
<class 'urllib2.HTTPError'>nobook-28480
<class 'urllib2.HTTPError'>nobook-28482
<class 'urllib2.HTTPError'>nobook-28485
<class 'urllib2.HTTPError'>nobook-28489
<class 'urllib2.HTTPError'>nobook-28492
<class 'urllib2.HTTPError'>nobook-28494
<class 'urllib2.HTTPError'>nobook-28497
<class 'urllib2.HTTPError'>nobook-28499
<class 'urllib2.HTTPError'>nobook-28507
<class 'urllib2.HTTPError'>nobook-28509
<class 'urllib2.HTTPError'>nobook-28512
<class 'urllib2.HTTPError'>nobook-28515
<class 'urllib2.HTTPError'>nobook-28517
<class 'urllib2.HTTPError'>nobook-28519
<class 'urllib2.HTTPError'>nobook-28523
<class 'urllib2.HTTPError'>nobook-28526
<class 'urllib2.HTTPError'>nobook-28529
<class 'urllib2.HTTPError'>nobook-28531
<class 'urllib2.HTTPError'>nobook-28534
<class 'urllib2.HTTPError'>nobook-28536
<class 'urllib2.HTTPError'>nobook-28539
<class 'urllib2.HTTPError'>nobook-28541
<class 'urllib2.HTTPError'>nobook-28543
<class 'urllib2.HTTPError'>nobook-28546
<class 'urllib2.HTTPError'>nobook-28548
<class 'urllib2.HTTPError'>nobook-28551
<class 'urllib2.HTTPError'>nobook-28559
<class 'urllib2.HTTPError'>nobook-28562
<class 'urllib2.HTTPError'>nobook-28564
<class 'urllib2.HTTPError'>nobook-28566
<class 'urllib2.HTTPError'>nobook-28569
<class 'urllib2.HTTPError'>nobook-28572
<class 'urllib2.HTTPError'>nobook-28575
<class 'urllib2.HTTPError'>nobook-28579
<class 'urllib2.HTTPError'>nobook-28581
<class 'urllib2.HTTPError'>nobook-28584
<class 'urllib2.HTTPError'>nobook-28586
<class 'urllib2.HTTPError'>nobook-28588
<class 'urllib2.HTTPError'>nobook-28590
<class 'urllib2.HTTPError'>nobook-28594
<class 'urllib2.HTTPError'>nobook-28597
<class 'urllib2.HTTPError'>nobook-28612
<class 'urllib2.HTTPError'>nobook-28615
<class 'urllib2.HTTPError'>nobook-28617
<class 'urllib2.HTTPError'>nobook-28620
<class 'urllib2.HTTPError'>nobook-28624
<class 'urllib2.HTTPError'>nobook-28627
<class 'urllib2.HTTPError'>nobook-28629
<class 'urllib2.HTTPError'>nobook-28632
<class 'urllib2.HTTPError'>nobook-28636
<class 'urllib2.HTTPError'>nobook-28638
<class 'urllib2.HTTPError'>nobook-28641
<class 'urllib2.HTTPError'>nobook-28644
<class 'urllib2.HTTPError'>nobook-28647
<class 'urllib2.HTTPError'>nobook-28650
<class 'urllib2.HTTPError'>nobook-28653
<class 'urllib2.HTTPError'>nobook-28655
<class 'urllib2.HTTPError'>nobook-28657
<class 'urllib2.HTTPError'>nobook-28660
<class 'urllib2.HTTPError'>nobook-28662
<class 'urllib2.HTTPError'>nobook-28665
<class 'urllib2.HTTPError'>nobook-28667
<class 'urllib2.HTTPError'>nobook-28671
<class 'urllib2.HTTPError'>nobook-28674
<class 'urllib2.HTTPError'>nobook-28676
<class 'urllib2.HTTPError'>nobook-28678
<class 'urllib2.HTTPError'>nobook-28681
<class 'urllib2.HTTPError'>nobook-28683
<class 'urllib2.HTTPError'>nobook-28685
<class 'urllib2.HTTPError'>nobook-28688
<class 'urllib2.HTTPError'>nobook-28690
<class 'urllib2.HTTPError'>nobook-28692
<class 'urllib2.HTTPError'>nobook-28695
<class 'urllib2.HTTPError'>nobook-28698
<class 'urllib2.HTTPError'>nobook-28701
<class 'urllib2.HTTPError'>nobook-28703
<class 'urllib2.HTTPError'>nobook-28706
<class 'urllib2.HTTPError'>nobook-28708
<class 'urllib2.HTTPError'>nobook-28710
<class 'urllib2.HTTPError'>nobook-28712
<class 'urllib2.HTTPError'>nobook-28715
<class 'urllib2.HTTPError'>nobook-28717
<class 'urllib2.HTTPError'>nobook-28722
<class 'urllib2.HTTPError'>nobook-28724
<class 'urllib2.HTTPError'>nobook-28726
<class 'urllib2.HTTPError'>nobook-28730
<class 'urllib2.HTTPError'>nobook-28745
<class 'urllib2.HTTPError'>nobook-28749
<class 'urllib2.HTTPError'>nobook-28752
<class 'urllib2.HTTPError'>nobook-28763
nobook-28765
nobook-28766
nobook-28767
<class 'urllib2.HTTPError'>nobook-28775
<class 'urllib2.HTTPError'>nobook-28779
<class 'urllib2.HTTPError'>nobook-28784
<class 'urllib2.HTTPError'>nobook-28785
<class 'urllib2.HTTPError'>nobook-28787
<class 'urllib2.HTTPError'>nobook-28791
<class 'urllib2.HTTPError'>nobook-28793
<class 'urllib2.HTTPError'>nobook-28796
<class 'urllib2.HTTPError'>nobook-28800
<class 'urllib2.HTTPError'>nobook-28803
<class 'urllib2.HTTPError'>nobook-28805
<class 'urllib2.HTTPError'>nobook-28808
<class 'urllib2.HTTPError'>nobook-28814
<class 'urllib2.HTTPError'>nobook-28818
<class 'urllib2.HTTPError'>nobook-28825
<class 'urllib2.HTTPError'>nobook-28827
<class 'urllib2.HTTPError'>nobook-28832
<class 'urllib2.HTTPError'>nobook-28835
<class 'urllib2.HTTPError'>nobook-28838
<class 'urllib2.HTTPError'>nobook-28841
<class 'urllib2.HTTPError'>nobook-28847
<class 'urllib2.HTTPError'>nobook-28849
<class 'urllib2.HTTPError'>nobook-28852
<class 'urllib2.HTTPError'>nobook-28857
<class 'urllib2.HTTPError'>nobook-28860
<class 'urllib2.HTTPError'>nobook-28862
<class 'urllib2.HTTPError'>nobook-28865
<class 'urllib2.HTTPError'>nobook-28867
<class 'urllib2.HTTPError'>nobook-28870
<class 'urllib2.HTTPError'>nobook-28873
<class 'urllib2.HTTPError'>nobook-28879
<class 'urllib2.HTTPError'>nobook-28882
<class 'urllib2.HTTPError'>nobook-28885
<class 'urllib2.HTTPError'>nobook-28888
<class 'urllib2.HTTPError'>nobook-28891
<class 'urllib2.HTTPError'>nobook-28902
<class 'urllib2.HTTPError'>nobook-28907
<class 'urllib2.HTTPError'>nobook-28910
<class 'urllib2.HTTPError'>nobook-28913
<class 'urllib2.HTTPError'>nobook-28916
<class 'urllib2.HTTPError'>nobook-28919
<class 'urllib2.HTTPError'>nobook-28921
<class 'urllib2.HTTPError'>nobook-28923
<class 'urllib2.HTTPError'>nobook-28928
<class 'urllib2.HTTPError'>nobook-28932
<class 'urllib2.HTTPError'>nobook-28935
<class 'urllib2.HTTPError'>nobook-28938
<class 'urllib2.HTTPError'>nobook-28941
<class 'urllib2.HTTPError'>nobook-28944
<class 'urllib2.HTTPError'>nobook-28947
<class 'urllib2.HTTPError'>nobook-28965
<class 'urllib2.HTTPError'>nobook-28968
<class 'urllib2.HTTPError'>nobook-28971
<class 'urllib2.HTTPError'>nobook-28973
<class 'urllib2.HTTPError'>nobook-28976
<class 'urllib2.HTTPError'>nobook-28981
<class 'urllib2.HTTPError'>nobook-28985
<class 'urllib2.HTTPError'>nobook-28988
<class 'urllib2.HTTPError'>nobook-28990
<class 'urllib2.HTTPError'>nobook-28993
<class 'urllib2.HTTPError'>nobook-28996
<class 'urllib2.HTTPError'>nobook-28998
<class 'urllib2.HTTPError'>nobook-29001
<class 'urllib2.HTTPError'>nobook-29007
<class 'urllib2.HTTPError'>nobook-29009
<class 'urllib2.HTTPError'>nobook-29012
<class 'urllib2.HTTPError'>nobook-29015
<class 'urllib2.HTTPError'>nobook-29018
<class 'urllib2.HTTPError'>nobook-29020
<class 'urllib2.HTTPError'>nobook-29023
<class 'urllib2.HTTPError'>nobook-29030
<class 'urllib2.HTTPError'>nobook-29033
<class 'urllib2.HTTPError'>nobook-29037
<class 'urllib2.HTTPError'>nobook-29040
<class 'urllib2.HTTPError'>nobook-29042
<class 'urllib2.HTTPError'>nobook-29045
<class 'urllib2.HTTPError'>nobook-29048
<class 'urllib2.HTTPError'>nobook-29050
<class 'urllib2.HTTPError'>nobook-29054
<class 'urllib2.HTTPError'>nobook-29056
<class 'urllib2.HTTPError'>nobook-29063
<class 'urllib2.HTTPError'>nobook-29066
<class 'urllib2.HTTPError'>nobook-29070
<class 'urllib2.HTTPError'>nobook-29072
<class 'urllib2.HTTPError'>nobook-29075
<class 'urllib2.HTTPError'>nobook-29078
<class 'urllib2.HTTPError'>nobook-29081
<class 'urllib2.HTTPError'>nobook-29084
<class 'urllib2.HTTPError'>nobook-29087
<class 'urllib2.HTTPError'>nobook-29090
<class 'urllib2.HTTPError'>nobook-29093
<class 'urllib2.HTTPError'>nobook-29096
<class 'urllib2.HTTPError'>nobook-29098
<class 'urllib2.HTTPError'>nobook-29102
<class 'urllib2.HTTPError'>nobook-29105
<class 'urllib2.HTTPError'>nobook-29107
<class 'urllib2.HTTPError'>nobook-29110
<class 'urllib2.HTTPError'>nobook-29114
<class 'urllib2.HTTPError'>nobook-29116
<class 'urllib2.HTTPError'>nobook-29123
<class 'urllib2.HTTPError'>nobook-29126
<class 'urllib2.HTTPError'>nobook-29129
<class 'urllib2.HTTPError'>nobook-29132
<class 'urllib2.HTTPError'>nobook-29134
<class 'urllib2.HTTPError'>nobook-29137
<class 'urllib2.HTTPError'>nobook-29140
<class 'urllib2.HTTPError'>nobook-29142
<class 'urllib2.HTTPError'>nobook-29145
<class 'urllib2.HTTPError'>nobook-29149
<class 'urllib2.HTTPError'>nobook-29152
<class 'urllib2.HTTPError'>nobook-29154
<class 'urllib2.HTTPError'>nobook-29165
<class 'urllib2.HTTPError'>nobook-29167
<class 'urllib2.HTTPError'>nobook-29169
<class 'urllib2.HTTPError'>nobook-29173
<class 'urllib2.HTTPError'>nobook-29176
<class 'urllib2.HTTPError'>nobook-29179
<class 'urllib2.HTTPError'>nobook-29186
<class 'urllib2.HTTPError'>nobook-29195
<class 'urllib2.HTTPError'>nobook-29198
<class 'urllib2.HTTPError'>nobook-29200
<class 'urllib2.HTTPError'>nobook-29203
<class 'urllib2.HTTPError'>nobook-29205
<class 'urllib2.HTTPError'>nobook-29208
<class 'urllib2.HTTPError'>nobook-29217
<class 'urllib2.HTTPError'>nobook-29226
<class 'urllib2.HTTPError'>nobook-29230
<class 'urllib2.HTTPError'>nobook-29231
<class 'urllib2.HTTPError'>nobook-29242
<class 'urllib2.HTTPError'>nobook-29246
<class 'urllib2.HTTPError'>nobook-29250
<class 'urllib2.HTTPError'>nobook-29271
<class 'urllib2.HTTPError'>nobook-29273
<class 'urllib2.HTTPError'>nobook-29276
<class 'urllib2.HTTPError'>nobook-29278
<class 'urllib2.HTTPError'>nobook-29281
<class 'urllib2.HTTPError'>nobook-29283
<class 'urllib2.HTTPError'>nobook-29286
<class 'urllib2.HTTPError'>nobook-29288
<class 'urllib2.HTTPError'>nobook-29290
<class 'urllib2.HTTPError'>nobook-29293
<class 'urllib2.HTTPError'>nobook-29295
<class 'urllib2.HTTPError'>nobook-29297
<class 'urllib2.HTTPError'>nobook-29300
<class 'urllib2.HTTPError'>nobook-29305
<class 'urllib2.HTTPError'>nobook-29308
<class 'urllib2.HTTPError'>nobook-29310
<class 'urllib2.HTTPError'>nobook-29313
<class 'urllib2.HTTPError'>nobook-29315
<class 'urllib2.HTTPError'>nobook-29319
<class 'urllib2.HTTPError'>nobook-29322
<class 'urllib2.HTTPError'>nobook-29324
<class 'urllib2.HTTPError'>nobook-29326
<class 'urllib2.HTTPError'>nobook-29328
<class 'urllib2.HTTPError'>nobook-29330
<class 'urllib2.HTTPError'>nobook-29333
<class 'urllib2.HTTPError'>nobook-29336
<class 'urllib2.HTTPError'>nobook-29340
<class 'urllib2.HTTPError'>nobook-29343
<class 'urllib2.HTTPError'>nobook-29355
<class 'urllib2.HTTPError'>nobook-29357
<class 'urllib2.HTTPError'>nobook-29360
<class 'urllib2.HTTPError'>nobook-29363
<class 'urllib2.HTTPError'>nobook-29370
<class 'urllib2.HTTPError'>nobook-29372
<class 'urllib2.HTTPError'>nobook-29374
<class 'urllib2.HTTPError'>nobook-29377
<class 'urllib2.HTTPError'>nobook-29379
<class 'urllib2.HTTPError'>nobook-29381
<class 'urllib2.HTTPError'>nobook-29384
<class 'urllib2.HTTPError'>nobook-29386
<class 'urllib2.HTTPError'>nobook-29391
<class 'urllib2.HTTPError'>nobook-29393
<class 'urllib2.HTTPError'>nobook-29395
<class 'urllib2.HTTPError'>nobook-29398
<class 'urllib2.HTTPError'>nobook-29400
<class 'urllib2.HTTPError'>nobook-29403
<class 'urllib2.HTTPError'>nobook-29406
<class 'urllib2.HTTPError'>nobook-29409
<class 'urllib2.HTTPError'>nobook-29411
<class 'urllib2.HTTPError'>nobook-29413
<class 'urllib2.HTTPError'>nobook-29415
<class 'urllib2.HTTPError'>nobook-29417
<class 'urllib2.HTTPError'>nobook-29420
<class 'urllib2.HTTPError'>nobook-29422
<class 'urllib2.HTTPError'>nobook-29424
<class 'urllib2.HTTPError'>nobook-29427
<class 'urllib2.HTTPError'>nobook-29429
<class 'urllib2.HTTPError'>nobook-29431
<class 'urllib2.HTTPError'>nobook-29434
<class 'urllib2.HTTPError'>nobook-29436
<class 'urllib2.HTTPError'>nobook-29439
<class 'urllib2.HTTPError'>nobook-29445
<class 'urllib2.HTTPError'>nobook-29448
<class 'urllib2.HTTPError'>nobook-29450
<class 'urllib2.HTTPError'>nobook-29453
<class 'urllib2.HTTPError'>nobook-29456
<class 'urllib2.HTTPError'>nobook-29461
<class 'urllib2.HTTPError'>nobook-29464
<class 'urllib2.HTTPError'>nobook-29466
<class 'urllib2.HTTPError'>nobook-29470
<class 'urllib2.HTTPError'>nobook-29472
<class 'urllib2.HTTPError'>nobook-29475
<class 'urllib2.HTTPError'>nobook-29479
<class 'urllib2.HTTPError'>nobook-29482
<class 'urllib2.HTTPError'>nobook-29485
<class 'urllib2.HTTPError'>nobook-29487
<class 'urllib2.HTTPError'>nobook-29490
<class 'urllib2.HTTPError'>nobook-29493
<class 'urllib2.HTTPError'>nobook-29496
<class 'urllib2.HTTPError'>nobook-29499
<class 'urllib2.HTTPError'>nobook-29503
<class 'urllib2.HTTPError'>nobook-29506
<class 'urllib2.HTTPError'>nobook-29508
<class 'urllib2.HTTPError'>nobook-29517
<class 'urllib2.HTTPError'>nobook-29520
<class 'urllib2.HTTPError'>nobook-29532
<class 'urllib2.HTTPError'>nobook-29536
<class 'urllib2.HTTPError'>nobook-29538
<class 'urllib2.HTTPError'>nobook-29541
<class 'urllib2.HTTPError'>nobook-29544
<class 'urllib2.HTTPError'>nobook-29550
<class 'urllib2.HTTPError'>nobook-29553
<class 'urllib2.HTTPError'>nobook-29556
<class 'urllib2.HTTPError'>nobook-29559
<class 'urllib2.HTTPError'>nobook-29564
<class 'urllib2.HTTPError'>nobook-29566
<class 'urllib2.HTTPError'>nobook-29568
<class 'urllib2.HTTPError'>nobook-29572
<class 'urllib2.HTTPError'>nobook-29575
<class 'urllib2.HTTPError'>nobook-29578
<class 'urllib2.HTTPError'>nobook-29581
<class 'urllib2.HTTPError'>nobook-29585
<class 'urllib2.HTTPError'>nobook-29588
<class 'urllib2.HTTPError'>nobook-29590
<class 'urllib2.HTTPError'>nobook-29594
<class 'urllib2.HTTPError'>nobook-29597
<class 'urllib2.HTTPError'>nobook-29602
<class 'urllib2.HTTPError'>nobook-29605
<class 'urllib2.HTTPError'>nobook-29607
<class 'urllib2.HTTPError'>nobook-29610
<class 'urllib2.HTTPError'>nobook-29612
<class 'urllib2.HTTPError'>nobook-29614
<class 'urllib2.HTTPError'>nobook-29617
<class 'urllib2.HTTPError'>nobook-29619
<class 'urllib2.HTTPError'>nobook-29623
<class 'urllib2.HTTPError'>nobook-29634
<class 'urllib2.HTTPError'>nobook-29637
<class 'urllib2.HTTPError'>nobook-29639
<class 'urllib2.HTTPError'>nobook-29644
<class 'urllib2.HTTPError'>nobook-29646
<class 'urllib2.HTTPError'>nobook-29652
<class 'urllib2.HTTPError'>nobook-29655
<class 'urllib2.HTTPError'>nobook-29667
<class 'urllib2.HTTPError'>nobook-29671
<class 'urllib2.HTTPError'>nobook-29677
<class 'urllib2.HTTPError'>nobook-29682
<class 'urllib2.HTTPError'>nobook-29688
<class 'urllib2.HTTPError'>nobook-29691
<class 'urllib2.HTTPError'>nobook-29696
<class 'urllib2.HTTPError'>nobook-29703
<class 'urllib2.HTTPError'>nobook-29705
<class 'urllib2.HTTPError'>nobook-29708
<class 'urllib2.HTTPError'>nobook-29710
<class 'urllib2.HTTPError'>nobook-29712
<class 'urllib2.HTTPError'>nobook-29715
<class 'urllib2.HTTPError'>nobook-29718
<class 'urllib2.HTTPError'>nobook-29727
<class 'urllib2.HTTPError'>nobook-29730
<class 'urllib2.HTTPError'>nobook-29734
<class 'urllib2.HTTPError'>nobook-29737
<class 'urllib2.HTTPError'>nobook-29742
<class 'urllib2.HTTPError'>nobook-29745
<class 'urllib2.HTTPError'>nobook-29747
<class 'urllib2.HTTPError'>nobook-29750
<class 'urllib2.HTTPError'>nobook-29754
<class 'urllib2.HTTPError'>nobook-29757
<class 'urllib2.HTTPError'>nobook-29759
<class 'urllib2.HTTPError'>nobook-29762
<class 'urllib2.HTTPError'>nobook-29768
<class 'urllib2.HTTPError'>nobook-29770
<class 'urllib2.HTTPError'>nobook-29780
<class 'urllib2.HTTPError'>nobook-29783
<class 'urllib2.HTTPError'>nobook-29786
<class 'urllib2.HTTPError'>nobook-29788
<class 'urllib2.HTTPError'>nobook-29790
<class 'urllib2.HTTPError'>nobook-29793
<class 'urllib2.HTTPError'>nobook-29795
<class 'urllib2.HTTPError'>nobook-29798
<class 'urllib2.HTTPError'>nobook-29801
<class 'urllib2.HTTPError'>nobook-29803
<class 'urllib2.HTTPError'>nobook-29806
<class 'urllib2.HTTPError'>nobook-29809
<class 'urllib2.HTTPError'>nobook-29812
<class 'urllib2.HTTPError'>nobook-29815
<class 'urllib2.HTTPError'>nobook-29818
<class 'urllib2.HTTPError'>nobook-29823
<class 'urllib2.HTTPError'>nobook-29825
<class 'urllib2.HTTPError'>nobook-29828
<class 'urllib2.HTTPError'>nobook-29831
<class 'urllib2.HTTPError'>nobook-29836
<class 'urllib2.HTTPError'>nobook-29839
<class 'urllib2.HTTPError'>nobook-29841
<class 'urllib2.HTTPError'>nobook-29843
<class 'urllib2.HTTPError'>nobook-29846
<class 'urllib2.HTTPError'>nobook-29849
<class 'urllib2.HTTPError'>nobook-29852
<class 'urllib2.HTTPError'>nobook-29854
<class 'urllib2.HTTPError'>nobook-29857
<class 'urllib2.HTTPError'>nobook-29859
<class 'urllib2.HTTPError'>nobook-29862
<class 'urllib2.HTTPError'>nobook-29864
<class 'urllib2.HTTPError'>nobook-29867
<class 'urllib2.HTTPError'>nobook-29871
<class 'urllib2.HTTPError'>nobook-29874
<class 'urllib2.HTTPError'>nobook-29877
<class 'urllib2.HTTPError'>nobook-29879
<class 'urllib2.HTTPError'>nobook-29883
<class 'urllib2.HTTPError'>nobook-29885
<class 'urllib2.HTTPError'>nobook-29888
<class 'urllib2.HTTPError'>nobook-29890
<class 'urllib2.HTTPError'>nobook-29892
<class 'urllib2.HTTPError'>nobook-29895
<class 'urllib2.HTTPError'>nobook-29904
<class 'urllib2.HTTPError'>nobook-29908
<class 'urllib2.HTTPError'>nobook-29910
<class 'urllib2.HTTPError'>nobook-29913
<class 'urllib2.HTTPError'>nobook-29916
<class 'urllib2.HTTPError'>nobook-29919
<class 'urllib2.HTTPError'>nobook-29922
<class 'urllib2.HTTPError'>nobook-29924
<class 'urllib2.HTTPError'>nobook-29928
<class 'urllib2.HTTPError'>nobook-29930
<class 'urllib2.HTTPError'>nobook-29933
<class 'urllib2.HTTPError'>nobook-29948
<class 'urllib2.HTTPError'>nobook-29951
<class 'urllib2.HTTPError'>nobook-29955
<class 'urllib2.HTTPError'>nobook-29957
<class 'urllib2.HTTPError'>nobook-29959
<class 'urllib2.HTTPError'>nobook-29962
<class 'urllib2.HTTPError'>nobook-29969
<class 'urllib2.HTTPError'>nobook-29973
<class 'urllib2.HTTPError'>nobook-29976
<class 'urllib2.HTTPError'>nobook-29980
<class 'urllib2.HTTPError'>nobook-29984
<class 'urllib2.HTTPError'>nobook-29988
<class 'urllib2.HTTPError'>nobook-29999
Tue Jan 22 16:27:50 2013Tue Jan 22 18:36:01 2013
<class 'urllib2.HTTPError'>nobook-30006
<class 'urllib2.HTTPError'>nobook-30011
<class 'urllib2.HTTPError'>nobook-30014
<class 'urllib2.HTTPError'>nobook-30018
<class 'urllib2.HTTPError'>nobook-30019
<class 'urllib2.HTTPError'>nobook-30020
<class 'urllib2.HTTPError'>nobook-30021
<class 'urllib2.HTTPError'>nobook-30024
<class 'urllib2.HTTPError'>nobook-30027
<class 'urllib2.HTTPError'>nobook-30032
<class 'urllib2.HTTPError'>nobook-30038
<class 'urllib2.HTTPError'>nobook-30043
<class 'urllib2.HTTPError'>nobook-30047
<class 'urllib2.HTTPError'>nobook-30051
<class 'urllib2.HTTPError'>nobook-30054
<class 'urllib2.HTTPError'>nobook-30057
<class 'urllib2.HTTPError'>nobook-30060
<class 'urllib2.HTTPError'>nobook-30067
<class 'urllib2.HTTPError'>nobook-30070
<class 'urllib2.HTTPError'>nobook-30074
<class 'urllib2.HTTPError'>nobook-30078
<class 'urllib2.HTTPError'>nobook-30082
<class 'urllib2.HTTPError'>nobook-30084
<class 'urllib2.HTTPError'>nobook-30087
<class 'urllib2.HTTPError'>nobook-30093
<class 'urllib2.HTTPError'>nobook-30096
<class 'urllib2.HTTPError'>nobook-30100
<class 'urllib2.HTTPError'>nobook-30102
<class 'urllib2.HTTPError'>nobook-30105
<class 'urllib2.HTTPError'>nobook-30108
<class 'urllib2.HTTPError'>nobook-30111
<class 'urllib2.HTTPError'>nobook-30113
<class 'urllib2.HTTPError'>nobook-30119
<class 'urllib2.HTTPError'>nobook-30122
<class 'urllib2.HTTPError'>nobook-30126
<class 'urllib2.HTTPError'>nobook-30129
<class 'urllib2.HTTPError'>nobook-30132
<class 'urllib2.HTTPError'>nobook-30136
<class 'urllib2.HTTPError'>nobook-30139
<class 'urllib2.HTTPError'>nobook-30141
<class 'urllib2.HTTPError'>nobook-30145
<class 'urllib2.HTTPError'>nobook-30152
<class 'urllib2.HTTPError'>nobook-30155
<class 'urllib2.HTTPError'>nobook-30159
<class 'urllib2.HTTPError'>nobook-30162
<class 'urllib2.HTTPError'>nobook-30165
<class 'urllib2.HTTPError'>nobook-30168
<class 'urllib2.HTTPError'>nobook-30172
<class 'urllib2.HTTPError'>nobook-30176
<class 'urllib2.HTTPError'>nobook-30180
<class 'urllib2.HTTPError'>nobook-30184
<class 'urllib2.HTTPError'>nobook-30190
<class 'urllib2.HTTPError'>nobook-30194
<class 'urllib2.HTTPError'>nobook-30198
<class 'urllib2.HTTPError'>nobook-30201
<class 'urllib2.HTTPError'>nobook-30206
<class 'urllib2.HTTPError'>nobook-30208
<class 'urllib2.HTTPError'>nobook-30218
<class 'urllib2.HTTPError'>nobook-30223
<class 'urllib2.HTTPError'>nobook-30226
<class 'urllib2.HTTPError'>nobook-30229
<class 'urllib2.HTTPError'>nobook-30242
<class 'urllib2.HTTPError'>nobook-30249
<class 'urllib2.HTTPError'>nobook-30251
<class 'urllib2.HTTPError'>nobook-30254
<class 'urllib2.HTTPError'>nobook-30259
<class 'urllib2.HTTPError'>nobook-30262
<class 'urllib2.HTTPError'>nobook-30267
<class 'urllib2.HTTPError'>nobook-30271
<class 'urllib2.HTTPError'>nobook-30274
<class 'urllib2.HTTPError'>nobook-30277
<class 'urllib2.HTTPError'>nobook-30280
<class 'urllib2.HTTPError'>nobook-30283
<class 'urllib2.HTTPError'>nobook-30288
<class 'urllib2.HTTPError'>nobook-30290
<class 'urllib2.HTTPError'>nobook-30297
<class 'urllib2.HTTPError'>nobook-30299
<class 'urllib2.HTTPError'>nobook-30303
<class 'urllib2.HTTPError'>nobook-30306
<class 'urllib2.HTTPError'>nobook-30308
<class 'urllib2.HTTPError'>nobook-30311
<class 'urllib2.HTTPError'>nobook-30313
<class 'urllib2.HTTPError'>nobook-30316
<class 'urllib2.HTTPError'>nobook-30319
<class 'urllib2.HTTPError'>nobook-30324
<class 'urllib2.HTTPError'>nobook-30327
<class 'urllib2.HTTPError'>nobook-30331
<class 'urllib2.HTTPError'>nobook-30334
<class 'urllib2.HTTPError'>nobook-30338
<class 'urllib2.HTTPError'>nobook-30340
<class 'urllib2.HTTPError'>nobook-30348
<class 'urllib2.HTTPError'>nobook-30351
<class 'urllib2.HTTPError'>nobook-30354
<class 'urllib2.HTTPError'>nobook-30358
<class 'urllib2.HTTPError'>nobook-30384
<class 'urllib2.HTTPError'>nobook-30388
<class 'urllib2.HTTPError'>nobook-30392
<class 'urllib2.HTTPError'>nobook-30395
<class 'urllib2.HTTPError'>nobook-30399
<class 'urllib2.HTTPError'>nobook-30404
<class 'urllib2.HTTPError'>nobook-30408
<class 'urllib2.HTTPError'>nobook-30411
<class 'urllib2.HTTPError'>nobook-30414
<class 'urllib2.HTTPError'>nobook-30419
<class 'urllib2.HTTPError'>nobook-30423
<class 'urllib2.HTTPError'>nobook-30425
<class 'urllib2.HTTPError'>nobook-30428
<class 'urllib2.HTTPError'>nobook-30431
<class 'urllib2.HTTPError'>nobook-30438
<class 'urllib2.HTTPError'>nobook-30443
<class 'urllib2.HTTPError'>nobook-30446
<class 'urllib2.HTTPError'>nobook-30449
<class 'urllib2.HTTPError'>nobook-30479
<class 'urllib2.HTTPError'>nobook-30486
<class 'urllib2.HTTPError'>nobook-30490
<class 'urllib2.HTTPError'>nobook-30493
<class 'urllib2.HTTPError'>nobook-30497
<class 'urllib2.HTTPError'>nobook-30498
<class 'urllib2.HTTPError'>nobook-30499
<class 'urllib2.HTTPError'>nobook-30500
<class 'urllib2.HTTPError'>nobook-30512
<class 'urllib2.HTTPError'>nobook-30516
<class 'urllib2.HTTPError'>nobook-30520
<class 'urllib2.HTTPError'>nobook-30523
<class 'urllib2.HTTPError'>nobook-30528
<class 'urllib2.HTTPError'>nobook-30531
<class 'urllib2.HTTPError'>nobook-30534
<class 'urllib2.HTTPError'>nobook-30537
<class 'urllib2.HTTPError'>nobook-30540
<class 'urllib2.HTTPError'>nobook-30543
<class 'urllib2.HTTPError'>nobook-30546
<class 'urllib2.HTTPError'>nobook-30548
<class 'urllib2.HTTPError'>nobook-30553
<class 'urllib2.HTTPError'>nobook-30567
<class 'urllib2.HTTPError'>nobook-30573
<class 'urllib2.HTTPError'>nobook-30575
<class 'urllib2.HTTPError'>nobook-30580
<class 'urllib2.HTTPError'>nobook-30584
<class 'urllib2.HTTPError'>nobook-30587
<class 'urllib2.HTTPError'>nobook-30603
<class 'urllib2.HTTPError'>nobook-30607
<class 'urllib2.HTTPError'>nobook-30611
<class 'urllib2.HTTPError'>nobook-30615
<class 'urllib2.HTTPError'>nobook-30621
<class 'urllib2.HTTPError'>nobook-30636
<class 'urllib2.HTTPError'>nobook-30640
<class 'urllib2.HTTPError'>nobook-30642
<class 'urllib2.HTTPError'>nobook-30645
<class 'urllib2.HTTPError'>nobook-30648
<class 'urllib2.HTTPError'>nobook-30653
<class 'urllib2.HTTPError'>nobook-30656
<class 'urllib2.HTTPError'>nobook-30661
<class 'urllib2.HTTPError'>nobook-30665
<class 'urllib2.HTTPError'>nobook-30668
<class 'urllib2.HTTPError'>nobook-30672
<class 'urllib2.HTTPError'>nobook-30684
<class 'urllib2.HTTPError'>nobook-30687
<class 'urllib2.HTTPError'>nobook-30690
<class 'urllib2.HTTPError'>nobook-30699
<class 'urllib2.HTTPError'>nobook-30706
<class 'urllib2.HTTPError'>nobook-30712
<class 'urllib2.HTTPError'>nobook-30718
<class 'urllib2.HTTPError'>nobook-30720
<class 'urllib2.HTTPError'>nobook-30723
<class 'urllib2.HTTPError'>nobook-30731
<class 'urllib2.HTTPError'>nobook-30736
<class 'urllib2.HTTPError'>nobook-30741
<class 'urllib2.HTTPError'>nobook-30744
<class 'urllib2.HTTPError'>nobook-30747
<class 'urllib2.HTTPError'>nobook-30756
<class 'urllib2.HTTPError'>nobook-30759
<class 'urllib2.HTTPError'>nobook-30764
<class 'urllib2.HTTPError'>nobook-30773
<class 'urllib2.HTTPError'>nobook-30777
<class 'urllib2.HTTPError'>nobook-30780
<class 'urllib2.HTTPError'>nobook-30805
<class 'urllib2.HTTPError'>nobook-30815
<class 'urllib2.HTTPError'>nobook-30823
<class 'urllib2.HTTPError'>nobook-30826
<class 'urllib2.HTTPError'>nobook-30834
<class 'urllib2.HTTPError'>nobook-30838
<class 'urllib2.HTTPError'>nobook-30841
<class 'urllib2.HTTPError'>nobook-30847
<class 'urllib2.HTTPError'>nobook-30854
<class 'urllib2.HTTPError'>nobook-30856
<class 'urllib2.HTTPError'>nobook-30860
<class 'urllib2.HTTPError'>nobook-30864
<class 'urllib2.HTTPError'>nobook-30868
<class 'urllib2.HTTPError'>nobook-30871
<class 'urllib2.HTTPError'>nobook-30874
<class 'urllib2.HTTPError'>nobook-30878
<class 'urllib2.HTTPError'>nobook-30882
<class 'urllib2.HTTPError'>nobook-30885
<class 'urllib2.HTTPError'>nobook-30888
<class 'urllib2.HTTPError'>nobook-30895
<class 'urllib2.HTTPError'>nobook-30901
<class 'urllib2.HTTPError'>nobook-30908
<class 'urllib2.HTTPError'>nobook-30915
<class 'urllib2.HTTPError'>nobook-30920
<class 'urllib2.HTTPError'>nobook-30923
<class 'urllib2.HTTPError'>nobook-30934
<class 'urllib2.HTTPError'>nobook-30940
<class 'urllib2.HTTPError'>nobook-30943
<class 'urllib2.HTTPError'>nobook-30946
<class 'urllib2.HTTPError'>nobook-30965
<class 'urllib2.HTTPError'>nobook-30969
<class 'urllib2.HTTPError'>nobook-30973
<class 'urllib2.HTTPError'>nobook-30976
<class 'urllib2.HTTPError'>nobook-30979
<class 'urllib2.HTTPError'>nobook-30982
<class 'urllib2.HTTPError'>nobook-30986
<class 'urllib2.HTTPError'>nobook-30991
<class 'urllib2.HTTPError'>nobook-30994
<class 'urllib2.HTTPError'>nobook-30999
<class 'urllib2.HTTPError'>nobook-31014
<class 'urllib2.HTTPError'>nobook-31018
<class 'urllib2.HTTPError'>nobook-31020
<class 'urllib2.HTTPError'>nobook-31023
<class 'urllib2.HTTPError'>nobook-31039
<class 'urllib2.HTTPError'>nobook-31042
<class 'urllib2.HTTPError'>nobook-31048
<class 'urllib2.HTTPError'>nobook-31051
<class 'urllib2.HTTPError'>nobook-31057
<class 'urllib2.HTTPError'>nobook-31069
<class 'urllib2.HTTPError'>nobook-31074
<class 'urllib2.HTTPError'>nobook-31077
<class 'urllib2.HTTPError'>nobook-31078
<class 'urllib2.HTTPError'>nobook-31079
<class 'urllib2.HTTPError'>nobook-31080
<class 'urllib2.HTTPError'>nobook-31083
<class 'urllib2.HTTPError'>nobook-31089
<class 'urllib2.HTTPError'>nobook-31092
<class 'urllib2.HTTPError'>nobook-31095
<class 'urllib2.HTTPError'>nobook-31099
<class 'urllib2.HTTPError'>nobook-31102
<class 'urllib2.HTTPError'>nobook-31106
<class 'urllib2.HTTPError'>nobook-31109
<class 'urllib2.HTTPError'>nobook-31114
<class 'urllib2.HTTPError'>nobook-31118
<class 'urllib2.HTTPError'>nobook-31121
<class 'urllib2.HTTPError'>nobook-31125
<class 'urllib2.HTTPError'>nobook-31129
<class 'urllib2.HTTPError'>nobook-31133
<class 'urllib2.HTTPError'>nobook-31136
<class 'urllib2.HTTPError'>nobook-31139
<class 'urllib2.HTTPError'>nobook-31142
<class 'urllib2.HTTPError'>nobook-31147
<class 'urllib2.HTTPError'>nobook-31150
<class 'urllib2.HTTPError'>nobook-31152
<class 'urllib2.HTTPError'>nobook-31155
<class 'urllib2.HTTPError'>nobook-31159
<class 'urllib2.HTTPError'>nobook-31163
<class 'urllib2.HTTPError'>nobook-31165
<class 'urllib2.HTTPError'>nobook-31168
<class 'urllib2.HTTPError'>nobook-31172
<class 'urllib2.HTTPError'>nobook-31176
<class 'urllib2.HTTPError'>nobook-31180
<class 'urllib2.HTTPError'>nobook-31182
<class 'urllib2.HTTPError'>nobook-31186
<class 'urllib2.HTTPError'>nobook-31189
<class 'urllib2.HTTPError'>nobook-31193
<class 'urllib2.HTTPError'>nobook-31196
<class 'urllib2.HTTPError'>nobook-31199
<class 'urllib2.HTTPError'>nobook-31204
<class 'urllib2.HTTPError'>nobook-31208
<class 'urllib2.HTTPError'>nobook-31211
<class 'urllib2.HTTPError'>nobook-31214
<class 'urllib2.HTTPError'>nobook-31217
<class 'urllib2.HTTPError'>nobook-31221
<class 'urllib2.HTTPError'>nobook-31225
<class 'urllib2.HTTPError'>nobook-31233
<class 'urllib2.HTTPError'>nobook-31238
<class 'urllib2.HTTPError'>nobook-31248
<class 'urllib2.HTTPError'>nobook-31254
<class 'urllib2.HTTPError'>nobook-31258
<class 'urllib2.HTTPError'>nobook-31262
<class 'urllib2.HTTPError'>nobook-31269
<class 'urllib2.HTTPError'>nobook-31277
<class 'urllib2.HTTPError'>nobook-31280
<class 'urllib2.HTTPError'>nobook-31283
<class 'urllib2.HTTPError'>nobook-31286
<class 'urllib2.HTTPError'>nobook-31288
<class 'urllib2.HTTPError'>nobook-31291
<class 'urllib2.HTTPError'>nobook-31294
<class 'urllib2.HTTPError'>nobook-31301
<class 'urllib2.HTTPError'>nobook-31306
<class 'urllib2.HTTPError'>nobook-31310
<class 'urllib2.HTTPError'>nobook-31314
<class 'urllib2.HTTPError'>nobook-31316
<class 'urllib2.HTTPError'>nobook-31320
<class 'urllib2.HTTPError'>nobook-31323
<class 'urllib2.HTTPError'>nobook-31325
<class 'urllib2.HTTPError'>nobook-31328
<class 'urllib2.HTTPError'>nobook-31340
<class 'urllib2.HTTPError'>nobook-31344
<class 'urllib2.HTTPError'>nobook-31359
<class 'urllib2.HTTPError'>nobook-31375
<class 'urllib2.HTTPError'>nobook-31402
<class 'urllib2.HTTPError'>nobook-31443
<class 'urllib2.HTTPError'>nobook-31450
<class 'urllib2.HTTPError'>nobook-31460
<class 'urllib2.HTTPError'>nobook-31468
<class 'urllib2.HTTPError'>nobook-31475
<class 'urllib2.HTTPError'>nobook-31476
<class 'urllib2.HTTPError'>nobook-31477
<class 'urllib2.HTTPError'>nobook-31478
<class 'urllib2.HTTPError'>nobook-31490
<class 'urllib2.HTTPError'>nobook-31493
<class 'urllib2.HTTPError'>nobook-31495
<class 'urllib2.HTTPError'>nobook-31518
<class 'urllib2.HTTPError'>nobook-31543
<class 'urllib2.HTTPError'>nobook-31544
<class 'urllib2.HTTPError'>nobook-31547
<class 'urllib2.HTTPError'>nobook-31555
<class 'urllib2.HTTPError'>nobook-31561
<class 'urllib2.HTTPError'>nobook-31563
<class 'urllib2.HTTPError'>nobook-31576
<class 'urllib2.HTTPError'>nobook-31584
<class 'urllib2.HTTPError'>nobook-31597
<class 'urllib2.HTTPError'>nobook-31609
<class 'urllib2.HTTPError'>nobook-31610
<class 'urllib2.HTTPError'>nobook-31611
<class 'urllib2.HTTPError'>nobook-31617
<class 'urllib2.HTTPError'>nobook-31628
<class 'urllib2.HTTPError'>nobook-31683
<class 'urllib2.HTTPError'>nobook-31691
<class 'urllib2.HTTPError'>nobook-31695
<class 'urllib2.HTTPError'>nobook-31697
<class 'urllib2.HTTPError'>nobook-31698
<class 'urllib2.HTTPError'>nobook-31699
<class 'urllib2.HTTPError'>nobook-31700
<class 'urllib2.HTTPError'>nobook-31701
<class 'urllib2.HTTPError'>nobook-31706
<class 'urllib2.HTTPError'>nobook-31709
<class 'urllib2.HTTPError'>nobook-31733
<class 'urllib2.HTTPError'>nobook-31743
<class 'urllib2.HTTPError'>nobook-31760
<class 'urllib2.HTTPError'>nobook-31762
<class 'urllib2.HTTPError'>nobook-31763
<class 'urllib2.HTTPError'>nobook-31764
<class 'urllib2.HTTPError'>nobook-31773
<class 'urllib2.HTTPError'>nobook-31774
<class 'urllib2.HTTPError'>nobook-31775
<class 'urllib2.HTTPError'>nobook-31783
<class 'urllib2.HTTPError'>nobook-31787
<class 'urllib2.HTTPError'>nobook-31791
<class 'urllib2.HTTPError'>nobook-31794
<class 'urllib2.HTTPError'>nobook-31797
<class 'urllib2.HTTPError'>nobook-31801
<class 'urllib2.HTTPError'>nobook-31802
<class 'urllib2.HTTPError'>nobook-31810
<class 'urllib2.HTTPError'>nobook-31813
<class 'urllib2.HTTPError'>nobook-31819
<class 'urllib2.HTTPError'>nobook-31822
<class 'urllib2.HTTPError'>nobook-31829
<class 'urllib2.HTTPError'>nobook-31834
<class 'urllib2.HTTPError'>nobook-31839
<class 'urllib2.HTTPError'>nobook-31858
<class 'urllib2.HTTPError'>nobook-31861
<class 'urllib2.HTTPError'>nobook-31868
<class 'urllib2.HTTPError'>nobook-31869
<class 'urllib2.HTTPError'>nobook-31870
<class 'urllib2.HTTPError'>nobook-31880
<class 'urllib2.HTTPError'>nobook-31899
<class 'urllib2.HTTPError'>nobook-31902
<class 'urllib2.HTTPError'>nobook-31975
<class 'urllib2.HTTPError'>nobook-31979
<class 'urllib2.HTTPError'>nobook-31991
<class 'urllib2.HTTPError'>nobook-31997
<class 'urllib2.HTTPError'>nobook-32000
<class 'urllib2.HTTPError'>nobook-32004
<class 'urllib2.HTTPError'>nobook-32018
<class 'urllib2.HTTPError'>nobook-32025
<class 'urllib2.HTTPError'>nobook-32026
<class 'urllib2.HTTPError'>nobook-32027
<class 'urllib2.HTTPError'>nobook-32028
<class 'urllib2.HTTPError'>nobook-32037
<class 'urllib2.HTTPError'>nobook-32040
<class 'urllib2.HTTPError'>nobook-32043
<class 'urllib2.HTTPError'>nobook-32056
<class 'urllib2.HTTPError'>nobook-32058
<class 'urllib2.HTTPError'>nobook-32073
<class 'urllib2.HTTPError'>nobook-32075
<class 'urllib2.HTTPError'>nobook-32078
<class 'urllib2.HTTPError'>nobook-32080
<class 'urllib2.HTTPError'>nobook-32103
<class 'urllib2.HTTPError'>nobook-32111
<class 'urllib2.HTTPError'>nobook-32115
<class 'urllib2.HTTPError'>nobook-32141
<class 'urllib2.HTTPError'>nobook-32144
<class 'urllib2.HTTPError'>nobook-32148
<class 'urllib2.HTTPError'>nobook-32168
<class 'urllib2.HTTPError'>nobook-32174
<class 'urllib2.HTTPError'>nobook-32177
<class 'urllib2.HTTPError'>nobook-32181
<class 'urllib2.HTTPError'>nobook-32191
<class 'urllib2.HTTPError'>nobook-32194
<class 'urllib2.HTTPError'>nobook-32197
<class 'urllib2.HTTPError'>nobook-32201
<class 'urllib2.HTTPError'>nobook-32205
<class 'urllib2.HTTPError'>nobook-32208
<class 'urllib2.HTTPError'>nobook-32213
<class 'urllib2.HTTPError'>nobook-32216
<class 'urllib2.HTTPError'>nobook-32219
<class 'urllib2.HTTPError'>nobook-32222
<class 'urllib2.HTTPError'>nobook-32226
<class 'urllib2.HTTPError'>nobook-32229
<class 'urllib2.HTTPError'>nobook-32234
<class 'urllib2.HTTPError'>nobook-32249
<class 'urllib2.HTTPError'>nobook-32264
<class 'urllib2.HTTPError'>nobook-32267
<class 'urllib2.HTTPError'>nobook-32269
<class 'urllib2.HTTPError'>nobook-32274
<class 'urllib2.HTTPError'>nobook-32280
<class 'urllib2.HTTPError'>nobook-32285
<class 'urllib2.HTTPError'>nobook-32296
<class 'urllib2.HTTPError'>nobook-32300
<class 'urllib2.HTTPError'>nobook-32338
<class 'urllib2.HTTPError'>nobook-32352
<class 'urllib2.HTTPError'>nobook-32356
<class 'urllib2.HTTPError'>nobook-32365
nobook-32371
<class 'urllib2.HTTPError'>nobook-32396
<class 'urllib2.HTTPError'>nobook-32412
nobook-32423
<class 'urllib2.HTTPError'>nobook-32441
nobook-32449
<class 'urllib2.HTTPError'>nobook-32464
<class 'urllib2.HTTPError'>nobook-32469
<class 'urllib2.HTTPError'>nobook-32474
<class 'urllib2.HTTPError'>nobook-32476
<class 'urllib2.HTTPError'>nobook-32526
<class 'urllib2.HTTPError'>nobook-32529
<class 'urllib2.HTTPError'>nobook-32533
<class 'urllib2.HTTPError'>nobook-32541
<class 'urllib2.HTTPError'>nobook-32544
<class 'urllib2.HTTPError'>nobook-32546
<class 'urllib2.HTTPError'>nobook-32550
nobook-32551
<class 'urllib2.HTTPError'>nobook-32562
<class 'urllib2.HTTPError'>nobook-32567
<class 'urllib2.HTTPError'>nobook-32570
<class 'urllib2.HTTPError'>nobook-32571
<class 'urllib2.HTTPError'>nobook-32572
<class 'urllib2.HTTPError'>nobook-32573
<class 'urllib2.HTTPError'>nobook-32574
<class 'urllib2.HTTPError'>nobook-32577
<class 'urllib2.HTTPError'>nobook-32583
<class 'urllib2.HTTPError'>nobook-32586
<class 'urllib2.HTTPError'>nobook-32591
<class 'urllib2.HTTPError'>nobook-32614
<class 'urllib2.HTTPError'>nobook-32617
<class 'urllib2.HTTPError'>nobook-32645
<class 'urllib2.HTTPError'>nobook-32653
nobook-32656
<class 'urllib2.HTTPError'>nobook-32658
<class 'urllib2.HTTPError'>nobook-32667
<class 'urllib2.HTTPError'>nobook-32668
<class 'urllib2.HTTPError'>nobook-32672
<class 'urllib2.HTTPError'>nobook-32680
<class 'urllib2.HTTPError'>nobook-32685
<class 'urllib2.HTTPError'>nobook-32690
nobook-32692
<class 'urllib2.HTTPError'>nobook-32703
<class 'urllib2.HTTPError'>nobook-32709
<class 'urllib2.HTTPError'>nobook-32722
<class 'urllib2.HTTPError'>nobook-32726
<class 'urllib2.HTTPError'>nobook-32804
<class 'urllib2.HTTPError'>nobook-32839
<class 'urllib2.HTTPError'>nobook-32840
<class 'urllib2.HTTPError'>nobook-32879
<class 'urllib2.HTTPError'>nobook-32941
<class 'urllib2.HTTPError'>nobook-32942
nobook-32991
nobook-33000
<class 'urllib2.HTTPError'>nobook-33012
<class 'urllib2.HTTPError'>nobook-33016
<class 'urllib2.HTTPError'>nobook-33019
<class 'urllib2.HTTPError'>nobook-33022
<class 'urllib2.HTTPError'>nobook-33027
<class 'urllib2.HTTPError'>nobook-33030
<class 'urllib2.HTTPError'>nobook-33036
<class 'urllib2.HTTPError'>nobook-33041
<class 'urllib2.HTTPError'>nobook-33045
<class 'urllib2.HTTPError'>nobook-33056
<class 'urllib2.HTTPError'>nobook-33060
<class 'urllib2.HTTPError'>nobook-33069
<class 'urllib2.HTTPError'>nobook-33073
<class 'urllib2.HTTPError'>nobook-33083
<class 'urllib2.HTTPError'>nobook-33086
<class 'urllib2.HTTPError'>nobook-33091
<class 'urllib2.HTTPError'>nobook-33102
<class 'urllib2.HTTPError'>nobook-33106
<class 'urllib2.HTTPError'>nobook-33119
<class 'urllib2.HTTPError'>nobook-33123
<class 'urllib2.HTTPError'>nobook-33127
<class 'urllib2.HTTPError'>nobook-33133
<class 'urllib2.HTTPError'>nobook-33136
<class 'urllib2.HTTPError'>nobook-33147
<class 'urllib2.HTTPError'>nobook-33168
<class 'urllib2.HTTPError'>nobook-33173
<class 'urllib2.HTTPError'>nobook-33176
<class 'urllib2.HTTPError'>nobook-33180
<class 'urllib2.HTTPError'>nobook-33184
<class 'urllib2.HTTPError'>nobook-33188
<class 'urllib2.HTTPError'>nobook-33191
<class 'urllib2.HTTPError'>nobook-33195
<class 'urllib2.HTTPError'>nobook-33198
<class 'urllib2.HTTPError'>nobook-33203
<class 'urllib2.HTTPError'>nobook-33210
<class 'urllib2.HTTPError'>nobook-33213
nobook-33229
nobook-33230
<class 'urllib2.HTTPError'>nobook-33235
<class 'urllib2.HTTPError'>nobook-33239
<class 'urllib2.HTTPError'>nobook-33255
<class 'urllib2.HTTPError'>nobook-33263
<class 'urllib2.HTTPError'>nobook-33267
<class 'urllib2.HTTPError'>nobook-33270
<class 'urllib2.HTTPError'>nobook-33273
<class 'urllib2.HTTPError'>nobook-33311
<class 'urllib2.HTTPError'>nobook-33373
<class 'urllib2.HTTPError'>nobook-33462
<class 'urllib2.HTTPError'>nobook-33492
<class 'urllib2.HTTPError'>nobook-33539
<class 'urllib2.HTTPError'>nobook-33540
<class 'urllib2.HTTPError'>nobook-33569
<class 'urllib2.HTTPError'>nobook-33620
nobook-33621
<class 'urllib2.HTTPError'>nobook-33633
<class 'urllib2.HTTPError'>nobook-33650
<class 'urllib2.HTTPError'>nobook-33658
<class 'urllib2.HTTPError'>nobook-33665
<class 'urllib2.HTTPError'>nobook-33788
<class 'urllib2.HTTPError'>nobook-33789
<class 'urllib2.HTTPError'>nobook-33845
nobook-34096
<class 'urllib2.HTTPError'>nobook-34115
<class 'urllib2.HTTPError'>nobook-34452
<class 'urllib2.HTTPError'>nobook-34615
<class 'urllib2.HTTPError'>nobook-34638
<class 'urllib2.HTTPError'>nobook-34677
<class 'urllib2.HTTPError'>nobook-34691
<class 'urllib2.HTTPError'>nobook-34805
<class 'urllib2.HTTPError'>nobook-34806
<class 'urllib2.HTTPError'>nobook-34944
<class 'urllib2.HTTPError'>nobook-34960
Tue Jan 22 20:06:49 2013